14:39:29.226 [ApplicationImpl pooled thread 445] INFO  c.b.l.BrowserStackRunExtension - testng
14:39:29.226 [ApplicationImpl pooled thread 445] INFO  com.browserstack.utils.Helpers - null
14:39:29.226 [ApplicationImpl pooled thread 445] INFO  c.b.l.BrowserStackRunExtension - Agent path: null
14:57:13.568 [ApplicationImpl pooled thread 457] INFO  c.b.l.BrowserStackRunExtension - testng
14:57:13.568 [ApplicationImpl pooled thread 457] INFO  com.browserstack.utils.Helpers - null
14:57:13.568 [ApplicationImpl pooled thread 457] INFO  c.b.l.BrowserStackRunExtension - Agent path: null
15:01:33.471 [ApplicationImpl pooled thread 464] INFO  c.b.l.BrowserStackRunExtension - testng
15:01:33.471 [ApplicationImpl pooled thread 464] INFO  com.browserstack.utils.Helpers - null
15:01:33.471 [ApplicationImpl pooled thread 464] INFO  c.b.l.BrowserStackRunExtension - Agent path: null
15:02:49.640 [ApplicationImpl pooled thread 464] INFO  c.b.l.BrowserStackRunExtension - testng
15:02:49.640 [ApplicationImpl pooled thread 464] INFO  com.browserstack.utils.Helpers - null
15:02:49.645 [ApplicationImpl pooled thread 464] INFO  c.b.l.BrowserStackRunExtension - Agent path: null
15:04:39.062 [ApplicationImpl pooled thread 457] INFO  c.b.l.BrowserStackRunExtension - testng
15:04:39.062 [ApplicationImpl pooled thread 457] INFO  com.browserstack.utils.Helpers - null
15:04:39.062 [ApplicationImpl pooled thread 457] INFO  c.b.l.BrowserStackRunExtension - Agent path: null
15:05:51.813 [ApplicationImpl pooled thread 460] INFO  c.b.l.BrowserStackRunExtension - testng
15:05:51.813 [ApplicationImpl pooled thread 460] INFO  com.browserstack.utils.Helpers - null
15:05:51.813 [ApplicationImpl pooled thread 460] INFO  c.b.l.BrowserStackRunExtension - Agent path: null
15:28:06.322 [ApplicationImpl pooled thread 478] INFO  c.b.l.BrowserStackRunExtension - testng
15:28:06.322 [ApplicationImpl pooled thread 478] INFO  com.browserstack.utils.Helpers - null
15:28:06.322 [ApplicationImpl pooled thread 478] INFO  c.b.l.BrowserStackRunExtension - Agent path: null
15:33:25.530 [ApplicationImpl pooled thread 478] INFO  c.b.l.BrowserStackRunExtension - testng
15:33:25.530 [ApplicationImpl pooled thread 478] INFO  com.browserstack.utils.Helpers - null
15:33:25.530 [ApplicationImpl pooled thread 478] INFO  c.b.l.BrowserStackRunExtension - Agent path: null
15:38:23.247 [ApplicationImpl pooled thread 478] INFO  c.b.l.BrowserStackRunExtension - testng
15:38:23.247 [ApplicationImpl pooled thread 478] INFO  com.browserstack.utils.Helpers - null
15:38:23.247 [ApplicationImpl pooled thread 478] INFO  c.b.l.BrowserStackRunExtension - Agent path: null
15:43:33.592 [ApplicationImpl pooled thread 489] INFO  c.b.l.BrowserStackRunExtension - testng
15:43:33.592 [ApplicationImpl pooled thread 489] INFO  com.browserstack.utils.Helpers - null
15:43:33.596 [ApplicationImpl pooled thread 489] INFO  c.b.l.BrowserStackRunExtension - Agent path: null
15:47:00.272 [ApplicationImpl pooled thread 490] INFO  c.b.l.BrowserStackRunExtension - testng
15:47:00.272 [ApplicationImpl pooled thread 490] INFO  com.browserstack.utils.Helpers - null
15:47:00.272 [ApplicationImpl pooled thread 490] INFO  c.b.l.BrowserStackRunExtension - Agent path: null
15:50:08.945 [ApplicationImpl pooled thread 493] INFO  c.b.l.BrowserStackRunExtension - testng
15:50:08.945 [ApplicationImpl pooled thread 493] INFO  com.browserstack.utils.Helpers - null
15:50:08.945 [ApplicationImpl pooled thread 493] INFO  c.b.l.BrowserStackRunExtension - Agent path: null
15:52:34.400 [ApplicationImpl pooled thread 496] INFO  c.b.l.BrowserStackRunExtension - testng
15:52:34.400 [ApplicationImpl pooled thread 496] INFO  com.browserstack.utils.Helpers - null
15:52:34.403 [ApplicationImpl pooled thread 496] INFO  c.b.l.BrowserStackRunExtension - Agent path: null
15:57:50.589 [ApplicationImpl pooled thread 490] INFO  c.b.l.BrowserStackRunExtension - testng
15:57:50.589 [ApplicationImpl pooled thread 490] INFO  com.browserstack.utils.Helpers - null
15:57:50.589 [ApplicationImpl pooled thread 490] INFO  c.b.l.BrowserStackRunExtension - Agent path: null
16:00:54.043 [ApplicationImpl pooled thread 490] INFO  c.b.l.BrowserStackRunExtension - testng
16:00:54.043 [ApplicationImpl pooled thread 490] INFO  com.browserstack.utils.Helpers - null
16:00:54.059 [ApplicationImpl pooled thread 490] INFO  c.b.l.BrowserStackRunExtension - Agent path: null
16:05:03.529 [ApplicationImpl pooled thread 508] INFO  c.b.l.BrowserStackRunExtension - testng
16:05:03.529 [ApplicationImpl pooled thread 508] INFO  com.browserstack.utils.Helpers - null
16:05:03.545 [ApplicationImpl pooled thread 508] INFO  c.b.l.BrowserStackRunExtension - Agent path: null
16:06:43.312 [ApplicationImpl pooled thread 510] INFO  c.b.l.BrowserStackRunExtension - testng
16:06:43.312 [ApplicationImpl pooled thread 510] INFO  com.browserstack.utils.Helpers - null
16:06:43.312 [ApplicationImpl pooled thread 510] INFO  c.b.l.BrowserStackRunExtension - Agent path: null
16:07:20.415 [ApplicationImpl pooled thread 510] INFO  c.b.l.BrowserStackRunExtension - testng
16:07:20.415 [ApplicationImpl pooled thread 510] INFO  com.browserstack.utils.Helpers - null
16:07:20.415 [ApplicationImpl pooled thread 510] INFO  c.b.l.BrowserStackRunExtension - Agent path: null
16:08:20.811 [ApplicationImpl pooled thread 510] INFO  c.b.l.BrowserStackRunExtension - testng
16:08:20.811 [ApplicationImpl pooled thread 510] INFO  com.browserstack.utils.Helpers - null
16:08:20.820 [ApplicationImpl pooled thread 510] INFO  c.b.l.BrowserStackRunExtension - Agent path: null
16:08:49.211 [ApplicationImpl pooled thread 513] INFO  c.b.l.BrowserStackRunExtension - testng
16:08:49.211 [ApplicationImpl pooled thread 513] INFO  com.browserstack.utils.Helpers - null
16:08:49.226 [ApplicationImpl pooled thread 513] INFO  c.b.l.BrowserStackRunExtension - Agent path: null
16:09:31.556 [ApplicationImpl pooled thread 514] INFO  c.b.l.BrowserStackRunExtension - testng
16:09:31.556 [ApplicationImpl pooled thread 514] INFO  com.browserstack.utils.Helpers - null
16:09:31.569 [ApplicationImpl pooled thread 514] INFO  c.b.l.BrowserStackRunExtension - Agent path: null
16:10:38.939 [ApplicationImpl pooled thread 514] INFO  c.b.l.BrowserStackRunExtension - testng
16:10:38.939 [ApplicationImpl pooled thread 514] INFO  com.browserstack.utils.Helpers - null
16:10:38.939 [ApplicationImpl pooled thread 514] INFO  c.b.l.BrowserStackRunExtension - Agent path: null
16:11:28.299 [ApplicationImpl pooled thread 512] INFO  c.b.l.BrowserStackRunExtension - testng
16:11:28.299 [ApplicationImpl pooled thread 512] INFO  com.browserstack.utils.Helpers - null
16:11:28.315 [ApplicationImpl pooled thread 512] INFO  c.b.l.BrowserStackRunExtension - Agent path: null
16:12:15.085 [ApplicationImpl pooled thread 514] INFO  c.b.l.BrowserStackRunExtension - testng
16:12:15.087 [ApplicationImpl pooled thread 514] INFO  com.browserstack.utils.Helpers - null
16:12:15.093 [ApplicationImpl pooled thread 514] INFO  c.b.l.BrowserStackRunExtension - Agent path: null
16:13:13.013 [ApplicationImpl pooled thread 512] INFO  c.b.l.BrowserStackRunExtension - testng
16:13:13.013 [ApplicationImpl pooled thread 512] INFO  com.browserstack.utils.Helpers - null
16:13:13.025 [ApplicationImpl pooled thread 512] INFO  c.b.l.BrowserStackRunExtension - Agent path: null
16:23:53.707 [ApplicationImpl pooled thread 521] INFO  c.b.l.BrowserStackRunExtension - testng
16:23:53.707 [ApplicationImpl pooled thread 521] INFO  com.browserstack.utils.Helpers - null
16:23:53.709 [ApplicationImpl pooled thread 521] INFO  c.b.l.BrowserStackRunExtension - Agent path: null
16:31:37.048 [ApplicationImpl pooled thread 526] INFO  c.b.l.BrowserStackRunExtension - testng
16:31:37.048 [ApplicationImpl pooled thread 526] INFO  com.browserstack.utils.Helpers - null
16:31:37.050 [ApplicationImpl pooled thread 526] INFO  c.b.l.BrowserStackRunExtension - Agent path: null
13:26:26.258 [ApplicationImpl pooled thread 168] INFO  c.b.l.BrowserStackRunExtension - testng
13:26:26.262 [ApplicationImpl pooled thread 168] INFO  com.browserstack.utils.Helpers - null
13:26:26.264 [ApplicationImpl pooled thread 168] INFO  c.b.l.BrowserStackRunExtension - Agent path: null
13:44:44.492 [AWT-EventQueue-0] INFO  c.b.actions.DisableBrowserStack - Setting disable browserstack run update
13:44:44.500 [AWT-EventQueue-0] INFO  c.b.actions.EnableBrowserStack - Setting enable browserstack run update
13:50:58.506 [ApplicationImpl pooled thread 191] INFO  c.b.l.BrowserStackRunExtension - testng
13:50:58.506 [ApplicationImpl pooled thread 191] INFO  com.browserstack.utils.Helpers - null
13:50:58.507 [ApplicationImpl pooled thread 191] INFO  c.b.l.BrowserStackRunExtension - Agent path: null
13:54:14.646 [ApplicationImpl pooled thread 199] INFO  c.b.l.BrowserStackRunExtension - testng
13:54:14.646 [ApplicationImpl pooled thread 199] INFO  com.browserstack.utils.Helpers - null
13:54:14.647 [ApplicationImpl pooled thread 199] INFO  c.b.l.BrowserStackRunExtension - Agent path: null
13:54:33.586 [ApplicationImpl pooled thread 202] INFO  c.b.l.BrowserStackRunExtension - testng
13:54:33.586 [ApplicationImpl pooled thread 202] INFO  com.browserstack.utils.Helpers - null
13:54:33.587 [ApplicationImpl pooled thread 202] INFO  c.b.l.BrowserStackRunExtension - Agent path: null
13:56:57.299 [ApplicationImpl pooled thread 203] INFO  c.b.l.BrowserStackRunExtension - testng
13:56:57.299 [ApplicationImpl pooled thread 203] INFO  com.browserstack.utils.Helpers - null
13:56:57.300 [ApplicationImpl pooled thread 203] INFO  c.b.l.BrowserStackRunExtension - Agent path: null
14:04:32.057 [ApplicationImpl pooled thread 212] INFO  c.b.l.BrowserStackRunExtension - testng
14:04:32.058 [ApplicationImpl pooled thread 212] INFO  com.browserstack.utils.Helpers - null
14:04:32.058 [ApplicationImpl pooled thread 212] INFO  c.b.l.BrowserStackRunExtension - Agent path: null
14:12:30.808 [ApplicationImpl pooled thread 216] INFO  c.b.l.BrowserStackRunExtension - testng
14:12:30.809 [ApplicationImpl pooled thread 216] INFO  com.browserstack.utils.Helpers - null
14:12:30.809 [ApplicationImpl pooled thread 216] INFO  c.b.l.BrowserStackRunExtension - Agent path: null
14:59:31.256 [ApplicationImpl pooled thread 260] INFO  c.b.l.BrowserStackRunExtension - testng
14:59:31.256 [ApplicationImpl pooled thread 260] INFO  com.browserstack.utils.Helpers - null
14:59:31.257 [ApplicationImpl pooled thread 260] INFO  c.b.l.BrowserStackRunExtension - Agent path: null
15:23:24.611 [ApplicationImpl pooled thread 284] INFO  c.b.l.BrowserStackRunExtension - testng
15:23:24.612 [ApplicationImpl pooled thread 284] INFO  com.browserstack.utils.Helpers - null
15:23:24.612 [ApplicationImpl pooled thread 284] INFO  c.b.l.BrowserStackRunExtension - Agent path: null
15:39:03.084 [ApplicationImpl pooled thread 285] INFO  c.b.l.BrowserStackRunExtension - testng
15:39:03.084 [ApplicationImpl pooled thread 285] INFO  com.browserstack.utils.Helpers - null
15:39:03.085 [ApplicationImpl pooled thread 285] INFO  c.b.l.BrowserStackRunExtension - Agent path: null
15:41:10.621 [ApplicationImpl pooled thread 285] INFO  c.b.l.BrowserStackRunExtension - testng
15:41:10.621 [ApplicationImpl pooled thread 285] INFO  com.browserstack.utils.Helpers - null
15:41:10.621 [ApplicationImpl pooled thread 285] INFO  c.b.l.BrowserStackRunExtension - Agent path: null
15:45:40.196 [ApplicationImpl pooled thread 295] INFO  c.b.l.BrowserStackRunExtension - testng
15:45:40.196 [ApplicationImpl pooled thread 295] INFO  com.browserstack.utils.Helpers - null
15:45:40.197 [ApplicationImpl pooled thread 295] INFO  c.b.l.BrowserStackRunExtension - Agent path: null
15:46:55.210 [ApplicationImpl pooled thread 295] INFO  c.b.l.BrowserStackRunExtension - testng
15:46:55.210 [ApplicationImpl pooled thread 295] INFO  com.browserstack.utils.Helpers - null
15:46:55.214 [ApplicationImpl pooled thread 295] INFO  c.b.l.BrowserStackRunExtension - Agent path: null
16:59:04.855 [ApplicationImpl pooled thread 342] INFO  c.b.l.BrowserStackRunExtension - testng
16:59:04.855 [ApplicationImpl pooled thread 342] INFO  com.browserstack.utils.Helpers - null
16:59:04.856 [ApplicationImpl pooled thread 342] INFO  c.b.l.BrowserStackRunExtension - Agent path: null
17:07:13.030 [ApplicationImpl pooled thread 348] INFO  c.b.l.BrowserStackRunExtension - testng
17:07:13.030 [ApplicationImpl pooled thread 348] INFO  com.browserstack.utils.Helpers - null
17:07:13.031 [ApplicationImpl pooled thread 348] INFO  c.b.l.BrowserStackRunExtension - Agent path: null
18:08:00.068 [ApplicationImpl pooled thread 15] INFO  c.b.l.BrowserStackRunExtension - testng
18:08:00.071 [ApplicationImpl pooled thread 15] INFO  com.browserstack.utils.Helpers - null
18:08:00.072 [ApplicationImpl pooled thread 15] INFO  c.b.l.BrowserStackRunExtension - Agent path: null
12:07:02.084 [ApplicationImpl pooled thread 2] INFO  c.b.l.BrowserStackRunExtension - testng
12:07:02.084 [ApplicationImpl pooled thread 2] INFO  com.browserstack.utils.Helpers - null
12:07:02.104 [ApplicationImpl pooled thread 2] INFO  c.b.l.BrowserStackRunExtension - Agent path: null
12:09:13.187 [ApplicationImpl pooled thread 5] INFO  c.b.l.BrowserStackRunExtension - testng
12:09:13.187 [ApplicationImpl pooled thread 5] INFO  com.browserstack.utils.Helpers - null
12:09:13.187 [ApplicationImpl pooled thread 5] INFO  c.b.l.BrowserStackRunExtension - Agent path: null
12:18:33.310 [ApplicationImpl pooled thread 12] INFO  c.b.l.BrowserStackRunExtension - testng
12:18:33.310 [ApplicationImpl pooled thread 12] INFO  com.browserstack.utils.Helpers - null
12:18:33.311 [ApplicationImpl pooled thread 12] INFO  c.b.l.BrowserStackRunExtension - Agent path: null
14:14:30.916 [ApplicationImpl pooled thread 65] INFO  c.b.l.BrowserStackRunExtension - testng
14:14:30.916 [ApplicationImpl pooled thread 65] INFO  com.browserstack.utils.Helpers - null
14:14:30.916 [ApplicationImpl pooled thread 65] INFO  c.b.l.BrowserStackRunExtension - Agent path: null
14:15:39.931 [ApplicationImpl pooled thread 65] INFO  c.b.l.BrowserStackRunExtension - testng
14:15:39.931 [ApplicationImpl pooled thread 65] INFO  com.browserstack.utils.Helpers - null
14:15:39.931 [ApplicationImpl pooled thread 65] INFO  c.b.l.BrowserStackRunExtension - Agent path: null
14:19:42.724 [ApplicationImpl pooled thread 66] INFO  c.b.l.BrowserStackRunExtension - testng
14:19:42.724 [ApplicationImpl pooled thread 66] INFO  com.browserstack.utils.Helpers - null
14:19:42.725 [ApplicationImpl pooled thread 66] INFO  c.b.l.BrowserStackRunExtension - Agent path: null
14:21:41.111 [ApplicationImpl pooled thread 57] INFO  c.b.l.BrowserStackRunExtension - testng
14:21:41.111 [ApplicationImpl pooled thread 57] INFO  com.browserstack.utils.Helpers - null
14:21:41.124 [ApplicationImpl pooled thread 57] INFO  c.b.l.BrowserStackRunExtension - Agent path: null
14:23:14.685 [ApplicationImpl pooled thread 57] INFO  c.b.l.BrowserStackRunExtension - testng
14:23:14.685 [ApplicationImpl pooled thread 57] INFO  com.browserstack.utils.Helpers - null
14:23:14.687 [ApplicationImpl pooled thread 57] INFO  c.b.l.BrowserStackRunExtension - Agent path: null
14:25:54.898 [ApplicationImpl pooled thread 57] INFO  c.b.l.BrowserStackRunExtension - testng
14:25:54.898 [ApplicationImpl pooled thread 57] INFO  com.browserstack.utils.Helpers - null
14:25:54.898 [ApplicationImpl pooled thread 57] INFO  c.b.l.BrowserStackRunExtension - Agent path: null
14:37:10.177 [ApplicationImpl pooled thread 86] INFO  c.b.l.BrowserStackRunExtension - testng
14:37:10.177 [ApplicationImpl pooled thread 86] INFO  com.browserstack.utils.Helpers - null
14:37:10.177 [ApplicationImpl pooled thread 86] INFO  c.b.l.BrowserStackRunExtension - Agent path: null
14:44:17.601 [ApplicationImpl pooled thread 98] INFO  c.b.l.BrowserStackRunExtension - testng
14:44:17.601 [ApplicationImpl pooled thread 98] INFO  com.browserstack.utils.Helpers - null
14:44:17.601 [ApplicationImpl pooled thread 98] INFO  c.b.l.BrowserStackRunExtension - Agent path: null
14:47:19.344 [ApplicationImpl pooled thread 101] INFO  c.b.l.BrowserStackRunExtension - testng
14:47:19.344 [ApplicationImpl pooled thread 101] INFO  com.browserstack.utils.Helpers - null
14:47:19.360 [ApplicationImpl pooled thread 101] INFO  c.b.l.BrowserStackRunExtension - Agent path: null
